debug_logfile: fd 2
pid 1537328 [parent 1537326], doing new pid setup and server start
Setup complete, sending SIGUSR1 to pid 1537326.
db cleanup for server shutdown, 19:37:11.060
memory-to-file backup complete, 19:37:11.060.
db cleanup finished, 19:37:11.060
debug_logfile: fd 2
pid 1918751 [parent 1918750], doing new pid setup and server start
Setup complete, sending SIGUSR1 to pid 1918750.
db cleanup for server shutdown, 19:47:29.945
memory-to-file backup complete, 19:47:29.945.
db cleanup finished, 19:47:29.945
debug_logfile: fd 2
pid 1942443 [parent 1942441], doing new pid setup and server start
Setup complete, sending SIGUSR1 to pid 1942441.
db cleanup for server shutdown, 19:48:25.580
memory-to-file backup complete, 19:48:25.580.
db cleanup finished, 19:48:25.580
debug_logfile: fd 2
pid 2174327 [parent 2174326], doing new pid setup and server start
Setup complete, sending SIGUSR1 to pid 2174326.
db cleanup for server shutdown, 22:12:43.144
memory-to-file backup complete, 22:12:43.144.
db cleanup finished, 22:12:43.144
